<?xml version="1.0" encoding="UTF-8"?>
<testsuite xmlns:xsi="http://www.w3.org/2001/XMLSchema-instance" xsi:noNamespaceSchemaLocation="https://maven.apache.org/surefire/maven-surefire-plugin/xsd/surefire-test-report-3.0.xsd" version="3.0" name="com.joboffer.consumer.ws.emailnotification.JobofferConsumerApplicationTests" time="4.172" tests="1" errors="0" skipped="0" failures="0">
  <properties>
[...]
</properties>
  <testcase name="contextLoads" classname="com.joboffer.consumer.ws.emailnotification.JobofferConsumerApplicationTests" time="1.188">
    <system-out><![CDATA[10:26:30.131 [main] INFO org.springframework.test.context.support.AnnotationConfigContextLoaderUtils -- Could not detect default configuration classes for test class [com.joboffer.consumer.ws.emailnotification.JobofferConsumerApplicationTests]: JobofferConsumerApplicationTests does not declare any static, non-private, non-final, nested classes annotated with @Configuration.
10:26:30.287 [main] INFO org.springframework.boot.test.context.SpringBootTestContextBootstrapper -- Found @SpringBootConfiguration com.joboffer.consumer.ws.emailnotification.JobofferConsumerApplication for test class com.joboffer.consumer.ws.emailnotification.JobofferConsumerApplicationTests

  .   ____          _            __ _ _
 /\\ / ___'_ __ _ _(_)_ __  __ _ \ \ \ \
( ( )\___ | '_ | '_| | '_ \/ _` | \ \ \ \
 \\/  ___)| |_)| | | | | || (_| |  ) ) ) )
  '  |____| .__|_| |_|_| |_\__, | / / / /
 =========|_|==============|___/=/_/_/_/
 :: Spring Boot ::               (v3.2.11)

2024-11-02T10:26:31.116+01:00  INFO 52621 --- [joboffer consumer] [           main] j.c.w.e.JobofferConsumerApplicationTests : Starting JobofferConsumerApplicationTests using Java 17.0.12 with PID 52621 (started by djarallah in /home/djarallah/work/kafka-formations/jobOffer-consumer-ws/joboffer consumer)
2024-11-02T10:26:31.118+01:00  INFO 52621 --- [joboffer consumer] [           main] j.c.w.e.JobofferConsumerApplicationTests : No active profile set, falling back to 1 default profile: "default"
2024-11-02T10:26:32.945+01:00  INFO 52621 --- [joboffer consumer] [           main] j.c.w.e.JobofferConsumerApplicationTests : Started JobofferConsumerApplicationTests in 2.442 seconds (process running for 4.205)
]]></system-out>
  </testcase>
</testsuite>